{"D:\\API\\ticketBooking\\auth\\auth.js": {"path":"D:\\API\\ticketBooking\\auth\\auth.js","statementMap":{"0":{"start":{"line":1,"column":10},"end":{"line":1,"column":33}},"1":{"start":{"line":4,"column":18},"end":{"line":4,"column":43}},"2":{"start":{"line":5,"column":3},"end":{"line":9,"column":4}},"3":{"start":{"line":6,"column":15},"end":{"line":6,"column":52}},"4":{"start":{"line":7,"column":7},"end":{"line":7,"column":22}},"5":{"start":{"line":8,"column":7},"end":{"line":8,"column":24}},"6":{"start":{"line":10,"column":13},"end":{"line":10,"column":37}},"7":{"start":{"line":11,"column":3},"end":{"line":19,"column":5}},"8":{"start":{"line":12,"column":7},"end":{"line":15,"column":8}},"9":{"start":{"line":13,"column":19},"end":{"line":13,"column":56}},"10":{"start":{"line":14,"column":11},"end":{"line":14,"column":28}},"11":{"start":{"line":16,"column":7},"end":{"line":16,"column":24}},"12":{"start":{"line":17,"column":7},"end":{"line":17,"column":29}},"13":{"start":{"line":18,"column":7},"end":{"line":18,"column":14}},"14":{"start":{"line":25,"column":4},"end":{"line":25,"column":25}},"15":{"start":{"line":26,"column":4},"end":{"line":32,"column":5}},"16":{"start":{"line":27,"column":16},"end":{"line":27,"column":58}},"17":{"start":{"line":28,"column":8},"end":{"line":28,"column":25}},"18":{"start":{"line":29,"column":10},"end":{"line":32,"column":5}},"19":{"start":{"line":30,"column":16},"end":{"line":30,"column":38}},"20":{"start":{"line":31,"column":8},"end":{"line":31,"column":25}},"21":{"start":{"line":33,"column":4},"end":{"line":33,"column":11}},"22":{"start":{"line":39,"column":4},"end":{"line":45,"column":5}},"23":{"start":{"line":40,"column":8},"end":{"line":40,"column":46}},"24":{"start":{"line":41,"column":10},"end":{"line":45,"column":5}},"25":{"start":{"line":42,"column":16},"end":{"line":42,"column":41}},"26":{"start":{"line":43,"column":8},"end":{"line":43,"column":25}},"27":{"start":{"line":47,"column":4},"end":{"line":47,"column":11}},"28":{"start":{"line":51,"column":0},"end":{"line":53,"column":2}}},"fnMap":{"0":{"name":"verifyUser","decl":{"start":{"line":3,"column":9},"end":{"line":3,"column":19}},"loc":{"start":{"line":3,"column":33},"end":{"line":22,"column":1}},"line":3},"1":{"name":"(anonymous_1)","decl":{"start":{"line":11,"column":43},"end":{"line":11,"column":44}},"loc":{"start":{"line":11,"column":58},"end":{"line":19,"column":4}},"line":11},"2":{"name":"verifyOwner","decl":{"start":{"line":24,"column":9},"end":{"line":24,"column":20}},"loc":{"start":{"line":24,"column":34},"end":{"line":34,"column":1}},"line":24},"3":{"name":"verifyAdmin","decl":{"start":{"line":37,"column":9},"end":{"line":37,"column":20}},"loc":{"start":{"line":37,"column":34},"end":{"line":49,"column":1}},"line":37}},"branchMap":{"0":{"loc":{"start":{"line":5,"column":3},"end":{"line":9,"column":4}},"type":"if","locations":[{"start":{"line":5,"column":3},"end":{"line":9,"column":4}},{"start":{"line":5,"column":3},"end":{"line":9,"column":4}}],"line":5},"1":{"loc":{"start":{"line":12,"column":7},"end":{"line":15,"column":8}},"type":"if","locations":[{"start":{"line":12,"column":7},"end":{"line":15,"column":8}},{"start":{"line":12,"column":7},"end":{"line":15,"column":8}}],"line":12},"2":{"loc":{"start":{"line":26,"column":4},"end":{"line":32,"column":5}},"type":"if","locations":[{"start":{"line":26,"column":4},"end":{"line":32,"column":5}},{"start":{"line":26,"column":4},"end":{"line":32,"column":5}}],"line":26},"3":{"loc":{"start":{"line":29,"column":10},"end":{"line":32,"column":5}},"type":"if","locations":[{"start":{"line":29,"column":10},"end":{"line":32,"column":5}},{"start":{"line":29,"column":10},"end":{"line":32,"column":5}}],"line":29},"4":{"loc":{"start":{"line":39,"column":4},"end":{"line":45,"column":5}},"type":"if","locations":[{"start":{"line":39,"column":4},"end":{"line":45,"column":5}},{"start":{"line":39,"column":4},"end":{"line":45,"column":5}}],"line":39},"5":{"loc":{"start":{"line":41,"column":10},"end":{"line":45,"column":5}},"type":"if","locations":[{"start":{"line":41,"column":10},"end":{"line":45,"column":5}},{"start":{"line":41,"column":10},"end":{"line":45,"column":5}}],"line":41}},"s":{"0":1,"1":2,"2":2,"3":0,"4":0,"5":0,"6":2,"7":2,"8":2,"9":0,"10":0,"11":2,"12":2,"13":2,"14":0,"15":0,"16":0,"17":0,"18":0,"19":0,"20":0,"21":0,"22":2,"23":0,"24":2,"25":0,"26":0,"27":2,"28":1},"f":{"0":2,"1":2,"2":0,"3":2},"b":{"0":[0,2],"1":[0,2],"2":[0,0],"3":[0,0],"4":[0,2],"5":[0,2]},"_coverageSchema":"1a1c01bbd47fc00a2c39e90264f33305004495a9","hash":"ea2e406930a89bf5acfc7c9d9d24d4f5d8a761d1"}
,"D:\\API\\ticketBooking\\models\\user.js": {"path":"D:\\API\\ticketBooking\\models\\user.js","statementMap":{"0":{"start":{"line":1,"column":15},"end":{"line":1,"column":34}},"1":{"start":{"line":2,"column":13},"end":{"line":2,"column":28}},"2":{"start":{"line":4,"column":17},"end":{"line":33,"column":20}},"3":{"start":{"line":34,"column":0},"end":{"line":34,"column":49}}},"fnMap":{},"branchMap":{},"s":{"0":1,"1":1,"2":1,"3":1},"f":{},"b":{},"_coverageSchema":"1a1c01bbd47fc00a2c39e90264f33305004495a9","hash":"91ee58a45370e73bd719ba40b38b8a027f6fa96c"}
,"D:\\API\\ticketBooking\\routes\\users.js": {"path":"D:\\API\\ticketBooking\\routes\\users.js","statementMap":{"0":{"start":{"line":1,"column":14},"end":{"line":1,"column":32}},"1":{"start":{"line":2,"column":13},"end":{"line":2,"column":29}},"2":{"start":{"line":3,"column":11},"end":{"line":3,"column":36}},"3":{"start":{"line":4,"column":13},"end":{"line":4,"column":32}},"4":{"start":{"line":5,"column":10},"end":{"line":5,"column":33}},"5":{"start":{"line":6,"column":11},"end":{"line":6,"column":34}},"6":{"start":{"line":7,"column":16},"end":{"line":7,"column":51}},"7":{"start":{"line":12,"column":0},"end":{"line":42,"column":2}},"8":{"start":{"line":14,"column":4},"end":{"line":20,"column":17}},"9":{"start":{"line":16,"column":8},"end":{"line":16,"column":29}},"10":{"start":{"line":17,"column":4},"end":{"line":17,"column":54}},"11":{"start":{"line":18,"column":4},"end":{"line":18,"column":19}},"12":{"start":{"line":24,"column":4},"end":{"line":31,"column":17}},"13":{"start":{"line":26,"column":8},"end":{"line":26,"column":29}},"14":{"start":{"line":27,"column":8},"end":{"line":27,"column":58}},"15":{"start":{"line":28,"column":8},"end":{"line":28,"column":23}},"16":{"start":{"line":35,"column":4},"end":{"line":41,"column":13}},"17":{"start":{"line":37,"column":8},"end":{"line":37,"column":29}},"18":{"start":{"line":38,"column":4},"end":{"line":38,"column":54}},"19":{"start":{"line":39,"column":4},"end":{"line":39,"column":21}},"20":{"start":{"line":46,"column":0},"end":{"line":75,"column":2}},"21":{"start":{"line":48,"column":4},"end":{"line":55,"column":17}},"22":{"start":{"line":51,"column":8},"end":{"line":51,"column":29}},"23":{"start":{"line":52,"column":4},"end":{"line":52,"column":54}},"24":{"start":{"line":53,"column":4},"end":{"line":53,"column":19}},"25":{"start":{"line":59,"column":4},"end":{"line":65,"column":6}},"26":{"start":{"line":61,"column":8},"end":{"line":61,"column":64}},"27":{"start":{"line":61,"column":18},"end":{"line":61,"column":64}},"28":{"start":{"line":62,"column":8},"end":{"line":62,"column":29}},"29":{"start":{"line":63,"column":8},"end":{"line":63,"column":58}},"30":{"start":{"line":64,"column":8},"end":{"line":64,"column":23}},"31":{"start":{"line":68,"column":4},"end":{"line":74,"column":13}},"32":{"start":{"line":70,"column":8},"end":{"line":70,"column":29}},"33":{"start":{"line":71,"column":4},"end":{"line":71,"column":54}},"34":{"start":{"line":72,"column":4},"end":{"line":72,"column":19}},"35":{"start":{"line":78,"column":0},"end":{"line":111,"column":2}},"36":{"start":{"line":80,"column":27},"end":{"line":80,"column":69}},"37":{"start":{"line":81,"column":4},"end":{"line":86,"column":5}},"38":{"start":{"line":82,"column":8},"end":{"line":82,"column":29}},"39":{"start":{"line":83,"column":8},"end":{"line":83,"column":58}},"40":{"start":{"line":84,"column":8},"end":{"line":84,"column":32}},"41":{"start":{"line":91,"column":57},"end":{"line":91,"column":65}},"42":{"start":{"line":92,"column":4},"end":{"line":108,"column":19}},"43":{"start":{"line":93,"column":8},"end":{"line":97,"column":9}},"44":{"start":{"line":94,"column":21},"end":{"line":94,"column":45}},"45":{"start":{"line":95,"column":12},"end":{"line":95,"column":27}},"46":{"start":{"line":96,"column":12},"end":{"line":96,"column":29}},"47":{"start":{"line":98,"column":8},"end":{"line":106,"column":10}},"48":{"start":{"line":99,"column":12},"end":{"line":99,"column":30}},"49":{"start":{"line":99,"column":20},"end":{"line":99,"column":30}},"50":{"start":{"line":100,"column":12},"end":{"line":105,"column":24}},"51":{"start":{"line":101,"column":16},"end":{"line":101,"column":32}},"52":{"start":{"line":102,"column":16},"end":{"line":102,"column":66}},"53":{"start":{"line":103,"column":16},"end":{"line":103,"column":31}},"54":{"start":{"line":115,"column":0},"end":{"line":149,"column":2}},"55":{"start":{"line":117,"column":28},"end":{"line":117,"column":36}},"56":{"start":{"line":118,"column":4},"end":{"line":148,"column":18}},"57":{"start":{"line":119,"column":8},"end":{"line":123,"column":9}},"58":{"start":{"line":120,"column":20},"end":{"line":120,"column":52}},"59":{"start":{"line":122,"column":12},"end":{"line":122,"column":29}},"60":{"start":{"line":126,"column":16},"end":{"line":147,"column":21}},"61":{"start":{"line":127,"column":20},"end":{"line":129,"column":21}},"62":{"start":{"line":128,"column":24},"end":{"line":128,"column":41}},"63":{"start":{"line":130,"column":20},"end":{"line":133,"column":21}},"64":{"start":{"line":131,"column":37},"end":{"line":131,"column":69}},"65":{"start":{"line":132,"column":24},"end":{"line":132,"column":43}},"66":{"start":{"line":134,"column":32},"end":{"line":139,"column":21}},"67":{"start":{"line":140,"column":20},"end":{"line":146,"column":26}},"68":{"start":{"line":141,"column":24},"end":{"line":141,"column":49}},"69":{"start":{"line":141,"column":32},"end":{"line":141,"column":49}},"70":{"start":{"line":142,"column":22},"end":{"line":145,"column":37}},"71":{"start":{"line":155,"column":0},"end":{"line":155,"column":24}}},"fnMap":{"0":{"name":"(anonymous_0)","decl":{"start":{"line":13,"column":38},"end":{"line":13,"column":39}},"loc":{"start":{"line":13,"column":57},"end":{"line":22,"column":1}},"line":13},"1":{"name":"(anonymous_1)","decl":{"start":{"line":15,"column":10},"end":{"line":15,"column":11}},"loc":{"start":{"line":15,"column":18},"end":{"line":19,"column":5}},"line":15},"2":{"name":"(anonymous_2)","decl":{"start":{"line":23,"column":6},"end":{"line":23,"column":7}},"loc":{"start":{"line":23,"column":22},"end":{"line":33,"column":1}},"line":23},"3":{"name":"(anonymous_3)","decl":{"start":{"line":25,"column":10},"end":{"line":25,"column":11}},"loc":{"start":{"line":25,"column":18},"end":{"line":30,"column":5}},"line":25},"4":{"name":"(anonymous_4)","decl":{"start":{"line":34,"column":41},"end":{"line":34,"column":42}},"loc":{"start":{"line":34,"column":57},"end":{"line":42,"column":1}},"line":34},"5":{"name":"(anonymous_5)","decl":{"start":{"line":36,"column":10},"end":{"line":36,"column":11}},"loc":{"start":{"line":36,"column":20},"end":{"line":40,"column":5}},"line":36},"6":{"name":"(anonymous_6)","decl":{"start":{"line":47,"column":6},"end":{"line":47,"column":7}},"loc":{"start":{"line":47,"column":25},"end":{"line":57,"column":1}},"line":47},"7":{"name":"(anonymous_7)","decl":{"start":{"line":49,"column":10},"end":{"line":49,"column":11}},"loc":{"start":{"line":49,"column":18},"end":{"line":54,"column":5}},"line":49},"8":{"name":"(anonymous_8)","decl":{"start":{"line":58,"column":5},"end":{"line":58,"column":6}},"loc":{"start":{"line":58,"column":21},"end":{"line":66,"column":1}},"line":58},"9":{"name":"(anonymous_9)","decl":{"start":{"line":60,"column":10},"end":{"line":60,"column":11}},"loc":{"start":{"line":60,"column":18},"end":{"line":65,"column":5}},"line":60},"10":{"name":"(anonymous_10)","decl":{"start":{"line":67,"column":8},"end":{"line":67,"column":9}},"loc":{"start":{"line":67,"column":24},"end":{"line":75,"column":1}},"line":67},"11":{"name":"(anonymous_11)","decl":{"start":{"line":69,"column":10},"end":{"line":69,"column":11}},"loc":{"start":{"line":69,"column":18},"end":{"line":73,"column":5}},"line":69},"12":{"name":"(anonymous_12)","decl":{"start":{"line":79,"column":6},"end":{"line":79,"column":7}},"loc":{"start":{"line":79,"column":22},"end":{"line":111,"column":1}},"line":79},"13":{"name":"(anonymous_13)","decl":{"start":{"line":92,"column":34},"end":{"line":92,"column":35}},"loc":{"start":{"line":92,"column":42},"end":{"line":108,"column":5}},"line":92},"14":{"name":"(anonymous_14)","decl":{"start":{"line":98,"column":32},"end":{"line":98,"column":33}},"loc":{"start":{"line":98,"column":46},"end":{"line":106,"column":9}},"line":98},"15":{"name":"(anonymous_15)","decl":{"start":{"line":100,"column":86},"end":{"line":100,"column":87}},"loc":{"start":{"line":100,"column":94},"end":{"line":104,"column":13}},"line":100},"16":{"name":"(anonymous_16)","decl":{"start":{"line":116,"column":6},"end":{"line":116,"column":7}},"loc":{"start":{"line":116,"column":22},"end":{"line":149,"column":1}},"line":116},"17":{"name":"(anonymous_17)","decl":{"start":{"line":118,"column":34},"end":{"line":118,"column":35}},"loc":{"start":{"line":118,"column":42},"end":{"line":148,"column":5}},"line":118},"18":{"name":"(anonymous_18)","decl":{"start":{"line":126,"column":54},"end":{"line":126,"column":55}},"loc":{"start":{"line":126,"column":68},"end":{"line":147,"column":20}},"line":126},"19":{"name":"(anonymous_19)","decl":{"start":{"line":140,"column":60},"end":{"line":140,"column":61}},"loc":{"start":{"line":140,"column":74},"end":{"line":146,"column":25}},"line":140}},"branchMap":{"0":{"loc":{"start":{"line":61,"column":8},"end":{"line":61,"column":64}},"type":"if","locations":[{"start":{"line":61,"column":8},"end":{"line":61,"column":64}},{"start":{"line":61,"column":8},"end":{"line":61,"column":64}}],"line":61},"1":{"loc":{"start":{"line":81,"column":4},"end":{"line":86,"column":5}},"type":"if","locations":[{"start":{"line":81,"column":4},"end":{"line":86,"column":5}},{"start":{"line":81,"column":4},"end":{"line":86,"column":5}}],"line":81},"2":{"loc":{"start":{"line":93,"column":8},"end":{"line":97,"column":9}},"type":"if","locations":[{"start":{"line":93,"column":8},"end":{"line":97,"column":9}},{"start":{"line":93,"column":8},"end":{"line":97,"column":9}}],"line":93},"3":{"loc":{"start":{"line":99,"column":12},"end":{"line":99,"column":30}},"type":"if","locations":[{"start":{"line":99,"column":12},"end":{"line":99,"column":30}},{"start":{"line":99,"column":12},"end":{"line":99,"column":30}}],"line":99},"4":{"loc":{"start":{"line":119,"column":8},"end":{"line":123,"column":9}},"type":"if","locations":[{"start":{"line":119,"column":8},"end":{"line":123,"column":9}},{"start":{"line":119,"column":8},"end":{"line":123,"column":9}}],"line":119},"5":{"loc":{"start":{"line":127,"column":20},"end":{"line":129,"column":21}},"type":"if","locations":[{"start":{"line":127,"column":20},"end":{"line":129,"column":21}},{"start":{"line":127,"column":20},"end":{"line":129,"column":21}}],"line":127},"6":{"loc":{"start":{"line":130,"column":20},"end":{"line":133,"column":21}},"type":"if","locations":[{"start":{"line":130,"column":20},"end":{"line":133,"column":21}},{"start":{"line":130,"column":20},"end":{"line":133,"column":21}}],"line":130},"7":{"loc":{"start":{"line":141,"column":24},"end":{"line":141,"column":49}},"type":"if","locations":[{"start":{"line":141,"column":24},"end":{"line":141,"column":49}},{"start":{"line":141,"column":24},"end":{"line":141,"column":49}}],"line":141}},"s":{"0":1,"1":1,"2":1,"3":1,"4":1,"5":1,"6":1,"7":1,"8":1,"9":1,"10":1,"11":1,"12":0,"13":0,"14":0,"15":0,"16":1,"17":1,"18":1,"19":1,"20":1,"21":0,"22":0,"23":0,"24":0,"25":0,"26":0,"27":0,"28":0,"29":0,"30":0,"31":0,"32":0,"33":0,"34":0,"35":1,"36":2,"37":2,"38":0,"39":0,"40":0,"41":2,"42":2,"43":2,"44":0,"45":0,"46":0,"47":2,"48":2,"49":0,"50":2,"51":2,"52":2,"53":2,"54":1,"55":5,"56":5,"57":5,"58":1,"59":1,"60":4,"61":4,"62":0,"63":4,"64":0,"65":0,"66":4,"67":4,"68":4,"69":0,"70":4,"71":1},"f":{"0":1,"1":1,"2":0,"3":0,"4":1,"5":1,"6":0,"7":0,"8":0,"9":0,"10":0,"11":0,"12":2,"13":2,"14":2,"15":2,"16":5,"17":5,"18":4,"19":4},"b":{"0":[0,0],"1":[0,2],"2":[0,2],"3":[0,2],"4":[1,4],"5":[0,4],"6":[0,4],"7":[0,4]},"_coverageSchema":"1a1c01bbd47fc00a2c39e90264f33305004495a9","hash":"f84be8860201ee58524ba072d03c777a643e7b74"}
,"D:\\API\\ticketBooking\\validation\\validation.js": {"path":"D:\\API\\ticketBooking\\validation\\validation.js","statementMap":{"0":{"start":{"line":1,"column":16},"end":{"line":1,"column":36}},"1":{"start":{"line":5,"column":29},"end":{"line":30,"column":1}},"2":{"start":{"line":7,"column":11},"end":{"line":7,"column":13}},"3":{"start":{"line":8,"column":0},"end":{"line":14,"column":1}},"4":{"start":{"line":9,"column":4},"end":{"line":10,"column":57}},"5":{"start":{"line":10,"column":4},"end":{"line":10,"column":57}},"6":{"start":{"line":13,"column":4},"end":{"line":13,"column":43}},"7":{"start":{"line":17,"column":0},"end":{"line":25,"column":1}},"8":{"start":{"line":18,"column":0},"end":{"line":20,"column":1}},"9":{"start":{"line":19,"column":4},"end":{"line":19,"column":56}},"10":{"start":{"line":24,"column":4},"end":{"line":24,"column":43}},"11":{"start":{"line":26,"column":0},"end":{"line":28,"column":1}},"12":{"start":{"line":32,"column":0},"end":{"line":35,"column":1}}},"fnMap":{"0":{"name":"(anonymous_0)","decl":{"start":{"line":5,"column":29},"end":{"line":5,"column":30}},"loc":{"start":{"line":5,"column":37},"end":{"line":30,"column":1}},"line":5}},"branchMap":{"0":{"loc":{"start":{"line":8,"column":0},"end":{"line":14,"column":1}},"type":"if","locations":[{"start":{"line":8,"column":0},"end":{"line":14,"column":1}},{"start":{"line":8,"column":0},"end":{"line":14,"column":1}}],"line":8},"1":{"loc":{"start":{"line":9,"column":4},"end":{"line":10,"column":57}},"type":"if","locations":[{"start":{"line":9,"column":4},"end":{"line":10,"column":57}},{"start":{"line":9,"column":4},"end":{"line":10,"column":57}}],"line":9},"2":{"loc":{"start":{"line":17,"column":0},"end":{"line":25,"column":1}},"type":"if","locations":[{"start":{"line":17,"column":0},"end":{"line":25,"column":1}},{"start":{"line":17,"column":0},"end":{"line":25,"column":1}}],"line":17},"3":{"loc":{"start":{"line":18,"column":0},"end":{"line":20,"column":1}},"type":"if","locations":[{"start":{"line":18,"column":0},"end":{"line":20,"column":1}},{"start":{"line":18,"column":0},"end":{"line":20,"column":1}}],"line":18}},"s":{"0":1,"1":1,"2":2,"3":2,"4":2,"5":0,"6":0,"7":2,"8":2,"9":0,"10":0,"11":2,"12":1},"f":{"0":2},"b":{"0":[2,0],"1":[0,2],"2":[2,0],"3":[0,2]},"_coverageSchema":"1a1c01bbd47fc00a2c39e90264f33305004495a9","hash":"21f91a40446ec33e799edf3a2d54f2b6cefceb6d"}
}
