TN:
SF:auth\auth.js
FN:3,verifyUser
FN:11,(anonymous_1)
FN:24,verifyOwner
FN:37,verifyAdmin
FNF:4
FNH:3
FNDA:2,verifyUser
FNDA:2,(anonymous_1)
FNDA:0,verifyOwner
FNDA:2,verifyAdmin
DA:1,1
DA:4,2
DA:5,2
DA:6,0
DA:7,0
DA:8,0
DA:10,2
DA:11,2
DA:12,2
DA:13,0
DA:14,0
DA:16,2
DA:17,2
DA:18,2
DA:25,0
DA:26,0
DA:27,0
DA:28,0
DA:29,0
DA:30,0
DA:31,0
DA:33,0
DA:39,2
DA:40,0
DA:41,2
DA:42,0
DA:43,0
DA:47,2
DA:51,1
LF:29
LH:13
BRDA:5,0,0,0
BRDA:5,0,1,2
BRDA:12,1,0,0
BRDA:12,1,1,2
BRDA:26,2,0,0
BRDA:26,2,1,0
BRDA:29,3,0,0
BRDA:29,3,1,0
BRDA:39,4,0,0
BRDA:39,4,1,2
BRDA:41,5,0,0
BRDA:41,5,1,2
BRF:12
BRH:4
end_of_record
TN:
SF:models\user.js
FNF:0
FNH:0
DA:1,1
DA:2,1
DA:4,1
DA:34,1
LF:4
LH:4
BRF:0
BRH:0
end_of_record
TN:
SF:routes\users.js
FN:13,(anonymous_0)
FN:15,(anonymous_1)
FN:23,(anonymous_2)
FN:25,(anonymous_3)
FN:34,(anonymous_4)
FN:36,(anonymous_5)
FN:47,(anonymous_6)
FN:49,(anonymous_7)
FN:58,(anonymous_8)
FN:60,(anonymous_9)
FN:67,(anonymous_10)
FN:69,(anonymous_11)
FN:79,(anonymous_12)
FN:92,(anonymous_13)
FN:98,(anonymous_14)
FN:100,(anonymous_15)
FN:116,(anonymous_16)
FN:118,(anonymous_17)
FN:126,(anonymous_18)
FN:140,(anonymous_19)
FNF:20
FNH:12
FNDA:1,(anonymous_0)
FNDA:1,(anonymous_1)
FNDA:0,(anonymous_2)
FNDA:0,(anonymous_3)
FNDA:1,(anonymous_4)
FNDA:1,(anonymous_5)
FNDA:0,(anonymous_6)
FNDA:0,(anonymous_7)
FNDA:0,(anonymous_8)
FNDA:0,(anonymous_9)
FNDA:0,(anonymous_10)
FNDA:0,(anonymous_11)
FNDA:2,(anonymous_12)
FNDA:2,(anonymous_13)
FNDA:2,(anonymous_14)
FNDA:2,(anonymous_15)
FNDA:5,(anonymous_16)
FNDA:5,(anonymous_17)
FNDA:4,(anonymous_18)
FNDA:4,(anonymous_19)
DA:1,1
DA:2,1
DA:3,1
DA:4,1
DA:5,1
DA:6,1
DA:7,1
DA:12,1
DA:14,1
DA:16,1
DA:17,1
DA:18,1
DA:24,0
DA:26,0
DA:27,0
DA:28,0
DA:35,1
DA:37,1
DA:38,1
DA:39,1
DA:46,1
DA:48,0
DA:51,0
DA:52,0
DA:53,0
DA:59,0
DA:61,0
DA:62,0
DA:63,0
DA:64,0
DA:68,0
DA:70,0
DA:71,0
DA:72,0
DA:78,1
DA:80,2
DA:81,2
DA:82,0
DA:83,0
DA:84,0
DA:91,2
DA:92,2
DA:93,2
DA:94,0
DA:95,0
DA:96,0
DA:98,2
DA:99,2
DA:100,2
DA:101,2
DA:102,2
DA:103,2
DA:115,1
DA:117,5
DA:118,5
DA:119,5
DA:120,1
DA:122,1
DA:126,4
DA:127,4
DA:128,0
DA:130,4
DA:131,0
DA:132,0
DA:134,4
DA:140,4
DA:141,4
DA:142,4
DA:155,1
LF:69
LH:43
BRDA:61,0,0,0
BRDA:61,0,1,0
BRDA:81,1,0,0
BRDA:81,1,1,2
BRDA:93,2,0,0
BRDA:93,2,1,2
BRDA:99,3,0,0
BRDA:99,3,1,2
BRDA:119,4,0,1
BRDA:119,4,1,4
BRDA:127,5,0,0
BRDA:127,5,1,4
BRDA:130,6,0,0
BRDA:130,6,1,4
BRDA:141,7,0,0
BRDA:141,7,1,4
BRF:16
BRH:8
end_of_record
TN:
SF:validation\validation.js
FN:5,(anonymous_0)
FNF:1
FNH:1
FNDA:2,(anonymous_0)
DA:1,1
DA:5,1
DA:7,2
DA:8,2
DA:9,2
DA:10,0
DA:13,0
DA:17,2
DA:18,2
DA:19,0
DA:24,0
DA:26,2
DA:32,1
LF:13
LH:9
BRDA:8,0,0,2
BRDA:8,0,1,0
BRDA:9,1,0,0
BRDA:9,1,1,2
BRDA:17,2,0,2
BRDA:17,2,1,0
BRDA:18,3,0,0
BRDA:18,3,1,2
BRF:8
BRH:4
end_of_record
